<?xml version="1.0" encoding="UTF-8"?>
<!-- Generated by org.testng.reporters.JUnitXMLReporter -->
<testsuite hostname="qa-pc58" ignored="0" name="Submit Order Data Provider HashMap Test" tests="2" failures="0" timestamp="17 Sep 2023 09:07:54 GMT" time="31.529" errors="0">
  <testcase name="submitOrder" time="11.025" classname="practise.tests.SODataProviderHashMapTest"/>
  <testcase name="submitOrder" time="10.713" classname="practise.tests.SODataProviderHashMapTest"/>
</testsuite> <!-- Submit Order Data Provider HashMap Test -->
