<?xml version="1.0" encoding="UTF-8"?>
<!-- Generated by org.testng.reporters.JUnitXMLReporter -->
<testsuite hostname="qa-pc58" ignored="0" name="Submit Order Data Provider Test" tests="2" failures="0" timestamp="17 Sep 2023 09:05:36 GMT" time="38.988" errors="0">
  <testcase name="submitOrder" time="11.763" classname="practise.tests.SubmitOrderDataProviderTest"/>
  <testcase name="submitOrder" time="12.453" classname="practise.tests.SubmitOrderDataProviderTest"/>
</testsuite> <!-- Submit Order Data Provider Test -->
