<?xml version="1.0" encoding="UTF-8"?>
<testng-results ignored="0" total="1" passed="1" failed="0" skipped="0">
  <reporter-output>
  </reporter-output>
  <suite started-at="2023-09-03T12:54:41 IST" name="Default suite" finished-at="2023-09-03T12:54:41 IST" duration-ms="72">
    <groups>
    </groups>
    <test started-at="2023-09-03T12:54:41 IST" name="Default test" finished-at="2023-09-03T12:54:41 IST" duration-ms="72">
      <class name="practise.ChildClass1">
        <test-method is-config="true" signature="beforeRun()[pri:0, instance:practise.ChildClass1@4803b726]" started-at="2023-09-03T12:54:41 IST" name="beforeRun" finished-at="2023-09-03T12:54:41 IST" duration-ms="9" status="PASS">
          <reporter-output>
          </reporter-output>
        </test-method> <!-- beforeRun -->
        <test-method signature="testRun()[pri:0, instance:practise.ChildClass1@4803b726]" started-at="2023-09-03T12:54:41 IST" name="testRun" finished-at="2023-09-03T12:54:41 IST" duration-ms="11" status="PASS">
          <reporter-output>
          </reporter-output>
        </test-method> <!-- testRun -->
        <test-method is-config="true" signature="afterRun()[pri:0, instance:practise.ChildClass1@4803b726]" started-at="2023-09-03T12:54:41 IST" name="afterRun" finished-at="2023-09-03T12:54:41 IST" duration-ms="1" status="PASS">
          <reporter-output>
          </reporter-output>
        </test-method> <!-- afterRun -->
      </class> <!-- practise.ChildClass1 -->
    </test> <!-- Default test -->
  </suite> <!-- Default suite -->
</testng-results>
