<?xml version="1.0" encoding="UTF-8"?>
<testng-results ignored="0" total="1" passed="1" failed="0" skipped="0">
  <reporter-output>
  </reporter-output>
  <suite started-at="2023-08-06T14:47:04 IST" name="Default suite" finished-at="2023-08-06T14:47:04 IST" duration-ms="87">
    <groups>
    </groups>
    <test started-at="2023-08-06T14:47:04 IST" name="Default test" finished-at="2023-08-06T14:47:04 IST" duration-ms="87">
      <class name="practiselist">
        <test-method signature="collectStream()[pri:0, instance:practiselist@4d154ccd]" started-at="2023-08-06T14:47:04 IST" name="collectStream" finished-at="2023-08-06T14:47:04 IST" duration-ms="18" status="PASS">
          <reporter-output>
          </reporter-output>
        </test-method> <!-- collectStream -->
      </class> <!-- practiselist -->
    </test> <!-- Default test -->
  </suite> <!-- Default suite -->
</testng-results>
