<?xml version="1.0" encoding="UTF-8"?>
<!-- Generated by org.testng.reporters.JUnitXMLReporter -->
<testsuite ignored="0" hostname="qa-pc58" failures="1" tests="3" name="Error Validations Test" time="38.04" errors="0" timestamp="23 Sep 2023 07:31:29 GMT">
  <testcase classname="practise.tests.ErrorValidationsTest" name="loginErrorValidation" time="0.956">
    <skipped/>
  </testcase> <!-- loginErrorValidation -->
  <testcase classname="practise.tests.ErrorValidationsTest" name="loginErrorValidation" time="0.813">
    <failure type="java.lang.AssertionError" message="expected [Incorrect email or password.] but found [Incorrect email password.]">
      <![CDATA[java.lang.AssertionError: expected [Incorrect email or password.] but found [Incorrect email password.]
at practise.tests.ErrorValidationsTest.loginErrorValidation(ErrorValidationsTest.java:22)
at java.base/java.util.concurrent.FutureTask.run(FutureTask.java:264)
at java.base/java.util.concurrent.ThreadPoolExecutor.runWorker(ThreadPoolExecutor.java:1136)
at java.base/java.util.concurrent.ThreadPoolExecutor$Worker.run(ThreadPoolExecutor.java:635)
at java.base/java.lang.Thread.run(Thread.java:833)
... Removed 22 stack frames]]>
    </failure>
  </testcase> <!-- loginErrorValidation -->
  <testcase classname="practise.tests.ErrorValidationsTest" name="productErrorValidation" time="11.081"/>
</testsuite> <!-- Error Validations Test -->
