<?xml version="1.0" encoding="UTF-8"?>
<!-- Generated by org.testng.reporters.JUnitXMLReporter -->
<testsuite ignored="0" hostname="qa-pc58" failures="0" tests="2" name="Submit Order Data Provider Json File Test" time="31.47" errors="0" timestamp="17 Sep 2023 09:13:25 GMT">
  <testcase classname="practise.tests.SODataProviderJsonFileTest" name="submitOrder" time="11.291"/>
  <testcase classname="practise.tests.SODataProviderJsonFileTest" name="submitOrder" time="10.808"/>
</testsuite> <!-- Submit Order Data Provider Json File Test -->
