<?xml version="1.0" encoding="UTF-8"?>
<testng-results ignored="0" total="1" passed="1" failed="0" skipped="0">
  <reporter-output>
  </reporter-output>
  <suite started-at="2023-09-23T07:28:03Z" name="Surefire suite" finished-at="2023-09-23T07:29:07Z" duration-ms="63704">
    <groups>
      <group name="cucumber">
        <method signature="AbstractTestNGCucumberTests.runScenario(io.cucumber.testng.PickleWrapper, io.cucumber.testng.FeatureWrapper)[pri:0, instance:practise.cucumber.TestNGTestRunner@79d8407f]" name="runScenario" class="io.cucumber.testng.AbstractTestNGCucumberTests"/>
      </group> <!-- cucumber -->
    </groups>
    <test started-at="2023-09-23T07:28:03Z" name="Surefire test" finished-at="2023-09-23T07:29:07Z" duration-ms="63704">
      <class name="practise.cucumber.TestNGTestRunner">
        <test-method is-config="true" signature="setUpClass(org.testng.ITestContext)[pri:0, instance:practise.cucumber.TestNGTestRunner@79d8407f]" started-at="2023-09-23T07:28:03Z" name="setUpClass" finished-at="2023-09-23T07:28:04Z" duration-ms="687" status="PASS">
          <params>
            <param index="0">
              <value>
                <![CDATA[org.testng.TestRunner@6c977dcf]]>
              </value>
            </param>
          </params>
          <reporter-output>
          </reporter-output>
        </test-method> <!-- setUpClass -->
        <test-method signature="runScenario(io.cucumber.testng.PickleWrapper, io.cucumber.testng.FeatureWrapper)[pri:0, instance:practise.cucumber.TestNGTestRunner@79d8407f]" started-at="2023-09-23T07:28:04Z" name="runScenario" description="Runs Cucumber Scenarios" data-provider="scenarios" finished-at="2023-09-23T07:29:07Z" duration-ms="62954" status="PASS">
          <params>
            <param index="0">
              <value>
                <![CDATA["Positive Test of Submitting the Order"]]>
              </value>
            </param>
            <param index="1">
              <value>
                <![CDATA["Purchase the order from Ecommerce Website"]]>
              </value>
            </param>
          </params>
          <reporter-output>
          </reporter-output>
        </test-method> <!-- runScenario -->
        <test-method is-config="true" signature="tearDownClass()[pri:0, instance:practise.cucumber.TestNGTestRunner@79d8407f]" started-at="2023-09-23T07:29:07Z" name="tearDownClass" finished-at="2023-09-23T07:29:07Z" duration-ms="46" status="PASS">
          <reporter-output>
          </reporter-output>
        </test-method> <!-- tearDownClass -->
      </class> <!-- practise.cucumber.TestNGTestRunner -->
    </test> <!-- Surefire test -->
  </suite> <!-- Surefire suite -->
</testng-results>
