<?xml version="1.0" encoding="UTF-8"?>
<testng-results ignored="0" total="1" passed="1" failed="0" skipped="0">
  <reporter-output>
  </reporter-output>
  <suite started-at="2023-09-15T03:17:30Z" name="Default suite" finished-at="2023-09-15T03:17:40Z" duration-ms="9698">
    <groups>
    </groups>
    <test started-at="2023-09-15T03:17:30Z" name="Default test" finished-at="2023-09-15T03:17:40Z" duration-ms="9698">
      <class name="practise.ExtentReports.ExtentRDemo">
        <test-method is-config="true" signature="config()[pri:0, instance:practise.ExtentReports.ExtentRDemo@61fe30]" started-at="2023-09-15T03:17:30Z" name="config" finished-at="2023-09-15T03:17:30Z" duration-ms="312" status="PASS">
          <reporter-output>
          </reporter-output>
        </test-method> <!-- config -->
        <test-method signature="initialDemo()[pri:0, instance:practise.ExtentReports.ExtentRDemo@61fe30]" started-at="2023-09-15T03:17:30Z" name="initialDemo" finished-at="2023-09-15T03:17:40Z" duration-ms="9355" status="PASS">
          <reporter-output>
          </reporter-output>
        </test-method> <!-- initialDemo -->
      </class> <!-- practise.ExtentReports.ExtentRDemo -->
    </test> <!-- Default test -->
  </suite> <!-- Default suite -->
</testng-results>
