<?xml version="1.0" encoding="UTF-8"?>
<!-- Generated by org.testng.reporters.JUnitXMLReporter -->
<testsuite ignored="0" hostname="qa-pc58" failures="0" tests="1" name="Test" time="0.116" errors="0" timestamp="15 Sep 2023 02:53:45 GMT">
  <testcase classname="practise.ExtentReports.ExtentRDemo" name="@BeforeMethod config" time="0.092">
    <failure type="java.lang.NullPointerException" message="Cannot invoke &amp;quot;com.aventstack.extentreports.ExtentReports.attachReporter(com.aventstack.extentreports.observer.ExtentObserver[])&amp;quot; because &amp;quot;this.extent&amp;quot; is null">
      <![CDATA[java.lang.NullPointerException: Cannot invoke "com.aventstack.extentreports.ExtentReports.attachReporter(com.aventstack.extentreports.observer.ExtentObserver[])" because "this.extent" is null
at practise.ExtentReports.ExtentRDemo.config(ExtentRDemo.java:35)
... Removed 28 stack frames]]>
    </failure>
  </testcase> <!-- @BeforeMethod config -->
  <testcase classname="practise.ExtentReports.ExtentRDemo" name="initialDemo" time="0.0">
    <skipped/>
  </testcase> <!-- initialDemo -->
</testsuite> <!-- Test -->
