<?xml version="1.0" encoding="UTF-8"?>
<!-- Generated by org.testng.reporters.JUnitXMLReporter -->
<testsuite ignored="2" hostname="qa-pc58" failures="0" tests="2" name="Car Loan" time="0.1" errors="0" timestamp="2023-09-03T00:23:26 IST">
  <testcase classname="practise.day4" name="webLoginCarLoan" time="0.014"/>
  <testcase classname="practise.day4" name="apiLoginCarLoan" time="0.003"/>
  <testcase classname="practise.day4" name="mobileSigoutCarLoan" time="0.0">
    <ignored/>
  </testcase> <!-- mobileSigoutCarLoan -->
  <testcase classname="practise.day4" name="mobileLoginCarLoan" time="0.0">
    <ignored/>
  </testcase> <!-- mobileLoginCarLoan -->
</testsuite> <!-- Car Loan -->
