<?xml version="1.0" encoding="UTF-8"?>
<!-- Generated by org.testng.reporters.JUnitXMLReporter -->
<testsuite ignored="0" hostname="qa-pc58" failures="0" tests="3" name="Home Loan" time="0.009" errors="0" timestamp="2023-08-31T00:43:15 IST">
  <testcase classname="practise.day3" name="APILoginHomeLoan" time="0.001"/>
  <testcase classname="practise.day3" name="WebLoginHomeLoan" time="0.001"/>
  <testcase classname="practise.day3" name="mobileLoginHomeLoan" time="0.001"/>
</testsuite> <!-- Home Loan -->
