<?xml version="1.0" encoding="UTF-8"?>
<!-- Generated by org.testng.reporters.JUnitXMLReporter -->
<testsuite ignored="0" hostname="qa-pc58" failures="1" tests="8" name="Personal Loan" time="0.135" errors="0" timestamp="2023-09-03T00:23:26 IST">
  <testcase classname="practise.day1" name="demo" time="0.024">
    <failure type="java.lang.AssertionError" message="expected [true] but found [false]">
      <![CDATA[java.lang.AssertionError: expected [true] but found [false]
at practise.day1.demo(day1.java:24)
at java.base/java.util.ArrayList.forEach(ArrayList.java:1511)
at java.base/java.util.concurrent.FutureTask.run(FutureTask.java:264)
at java.base/java.util.concurrent.ThreadPoolExecutor.runWorker(ThreadPoolExecutor.java:1136)
at java.base/java.util.concurrent.ThreadPoolExecutor$Worker.run(ThreadPoolExecutor.java:635)
at java.base/java.lang.Thread.run(Thread.java:833)
... Removed 21 stack frames]]>
    </failure>
  </testcase> <!-- demo -->
  <testcase classname="practise.day1" name="demo1" time="0.003"/>
  <testcase classname="practise.day2" name="ploan" time="0.002"/>
  <testcase classname="practise.day3" name="APILoginHomeLoan" time="0.002"/>
  <testcase classname="practise.day3" name="WebLoginHomeLoan" time="0.001"/>
  <testcase classname="practise.day3" name="mobileLoginHomeLoan" time="0.001"/>
  <testcase classname="practise.day3" name="mobileSignInHomeLoan" time="0.002"/>
  <testcase classname="practise.day3" name="mobileSignoutHomeLoan" time="0.002"/>
</testsuite> <!-- Personal Loan -->
