<?xml version="1.0" encoding="UTF-8"?>
<!-- Generated by org.testng.reporters.JUnitXMLReporter -->
<testsuite ignored="8" hostname="qa-pc58" failures="0" tests="3" name="Regression" time="0.068" errors="0" timestamp="2023-09-02T08:47:59 IST">
  <testcase classname="practise.day2" name="ploan" time="0.008"/>
  <testcase classname="practise.day3" name="APILoginHomeLoan" time="0.001"/>
  <testcase classname="practise.day4" name="apiLoginCarLoan" time="0.002"/>
  <testcase classname="practise.day1" name="demo1" time="0.0">
    <ignored/>
  </testcase> <!-- demo1 -->
  <testcase classname="practise.day4" name="mobileLoginCarLoan" time="0.0">
    <ignored/>
  </testcase> <!-- mobileLoginCarLoan -->
  <testcase classname="practise.day3" name="mobileSignoutHomeLoan" time="0.0">
    <ignored/>
  </testcase> <!-- mobileSignoutHomeLoan -->
  <testcase classname="practise.day3" name="mobileLoginHomeLoan" time="0.0">
    <ignored/>
  </testcase> <!-- mobileLoginHomeLoan -->
  <testcase classname="practise.day1" name="demo" time="0.0">
    <ignored/>
  </testcase> <!-- demo -->
  <testcase classname="practise.day3" name="WebLoginHomeLoan" time="0.0">
    <ignored/>
  </testcase> <!-- WebLoginHomeLoan -->
  <testcase classname="practise.day3" name="mobileSignInHomeLoan" time="0.0">
    <ignored/>
  </testcase> <!-- mobileSignInHomeLoan -->
  <testcase classname="practise.day4" name="webLoginCarLoan" time="0.0">
    <ignored/>
  </testcase> <!-- webLoginCarLoan -->
</testsuite> <!-- Regression -->
