-------------------------------------------------------------------------------
Test set: TestSuite
-------------------------------------------------------------------------------
Tests run: 11, Failures: 1, Errors: 0, Skipped: 1, Time elapsed: 191.435 s <<< FAILURE! - in TestSuite
loginErrorValidation(practise.tests.ErrorValidationsTest)  Time elapsed: 0.778 s  <<< FAILURE!
java.lang.AssertionError: expected [Incorrect email or password.] but found [Incorrect email password.]
	at practise.tests.ErrorValidationsTest.loginErrorValidation(ErrorValidationsTest.java:22)

