<?xml version="1.0" encoding="UTF-8"?>
<!-- Generated by org.testng.reporters.JUnitXMLReporter -->
<testsuite ignored="0" hostname="qa-pc58" failures="1" tests="11" name="Surefire test" time="190.651" errors="0" timestamp="23 Sep 2023 07:05:09 GMT">
  <testcase classname="practise.tests.ErrorValidationsTest" name="loginErrorValidation" time="0.635">
    <skipped/>
  </testcase> <!-- loginErrorValidation -->
  <testcase classname="practise.tests.ErrorValidationsTest" name="loginErrorValidation" time="0.763">
    <failure type="java.lang.AssertionError" message="expected [Incorrect email or password.] but found [Incorrect email password.]">
      <![CDATA[java.lang.AssertionError: expected [Incorrect email or password.] but found [Incorrect email password.]
at practise.tests.ErrorValidationsTest.loginErrorValidation(ErrorValidationsTest.java:22)
... Removed 36 stack frames]]>
    </failure>
  </testcase> <!-- loginErrorValidation -->
  <testcase classname="practise.tests.ErrorValidationsTest" name="productErrorValidation" time="5.148"/>
  <testcase classname="practise.tests.SODataProviderHashMapTest" name="submitOrder" time="10.096"/>
  <testcase classname="practise.tests.SODataProviderHashMapTest" name="submitOrder" time="13.073"/>
  <testcase classname="practise.tests.SubmitOrderDataProviderTest" name="submitOrder" time="11.265"/>
  <testcase classname="practise.tests.SubmitOrderDataProviderTest" name="submitOrder" time="10.419"/>
  <testcase classname="practise.tests.SubmitOrderTest" name="submitOrder" time="13.726"/>
  <testcase classname="practise.tests.SODataProviderJsonFileTest" name="submitOrder" time="11.85"/>
  <testcase classname="practise.tests.SODataProviderJsonFileTest" name="submitOrder" time="13.331"/>
  <testcase classname="practise.tests.SubmitOrderTest" name="OrderHistoryTest" time="1.384"/>
</testsuite> <!-- Surefire test -->
