<?xml version="1.0" encoding="UTF-8"?>
<!-- Generated by org.testng.reporters.JUnitXMLReporter -->
<testsuite ignored="0" hostname="qa-pc58" failures="0" tests="2" name="Submit Order Data Provider HashMap Test" time="38.147" errors="0" timestamp="2023-09-10T23:38:09 IST">
  <testcase classname="practise.tests.SODataProviderHashMapTest" name="submitOrder" time="11.047"/>
  <testcase classname="practise.tests.SODataProviderHashMapTest" name="submitOrder" time="11.624"/>
</testsuite> <!-- Submit Order Data Provider HashMap Test -->
