<?xml version="1.0" encoding="UTF-8"?>
<!-- Generated by org.testng.reporters.JUnitXMLReporter -->
<testsuite ignored="0" hostname="qa-pc58" failures="0" tests="2" name="Submit Order Data Provider Json File Test" time="32.4" errors="0" timestamp="2023-09-16T09:03:31 IST">
  <testcase classname="practise.tests.SODataProviderJsonFileTest" name="submitOrder" time="11.622"/>
  <testcase classname="practise.tests.SODataProviderJsonFileTest" name="submitOrder" time="10.353"/>
</testsuite> <!-- Submit Order Data Provider Json File Test -->
